<?xml version="1.0" encoding="UTF-8"?>
<!-- Generated by org.testng.reporters.JUnitXMLReporter -->
<testsuite hostname="Draginja-PC" ignored="8" name="Test" tests="16" failures="0" timestamp="2019-12-14T15:50:20 CET" time="35.918" errors="0">
  <testcase name="@BeforeTest getHomepage" time="11.194" classname="phpTravelsTests.VerifyTravelsMenu">
    <failure type="org.openqa.selenium.NoSuchElementException" message="Cannot locate an element using name=email
For documentation on this error, please visit: https://www.seleniumhq.org/exceptions/no_such_element.html
Build info: version: &amp;apos;3.141.59&amp;apos;, revision: &amp;apos;e82be7d358&amp;apos;, time: &amp;apos;2018-11-14T08:25:53&amp;apos;
System info: host: &amp;apos;DRAGINJA-PC&amp;apos;, ip: &amp;apos;192.168.1.9&amp;apos;, os.name: &amp;apos;Windows 7&amp;apos;, os.arch: &amp;apos;amd64&amp;apos;, os.version: &amp;apos;6.1&amp;apos;, java.version: &amp;apos;1.8.0_231&amp;apos;
Driver info: driver.version: RemoteWebDriver">
      <![CDATA[org.openqa.selenium.NoSuchElementException: Cannot locate an element using name=email
For documentation on this error, please visit: https://www.seleniumhq.org/exceptions/no_such_element.html
Build info: version: '3.141.59', revision: 'e82be7d358', time: '2018-11-14T08:25:53'
System info: host: 'DRAGINJA-PC', ip: '192.168.1.9', os.name: 'Windows 7', os.arch: 'amd64', os.version: '6.1', java.version: '1.8.0_231'
Driver info: driver.version: RemoteWebDriver
at org.openqa.selenium.remote.RemoteWebDriver.findElement(RemoteWebDriver.java:327)
at org.openqa.selenium.remote.RemoteWebDriver.findElementByName(RemoteWebDriver.java:404)
at org.openqa.selenium.By$ByName.findElement(By.java:284)
at org.openqa.selenium.remote.RemoteWebDriver.findElement(RemoteWebDriver.java:315)
at phpTravelsPages.TravelsLogin.inputEmail(TravelsLogin.java:50)
at phpTravelsUtils.BasicClass.loginPhpTravels(BasicClass.java:36)
at phpTravelsTests.VerifyTravelsMenu.getHomepage(VerifyTravelsMenu.java:15)
at sun.reflect.NativeMethodAccessorImpl.invoke0(Native Method)
at sun.reflect.NativeMethodAccessorImpl.invoke(Unknown Source)
at sun.reflect.DelegatingMethodAccessorImpl.invoke(Unknown Source)
at java.lang.reflect.Method.invoke(Unknown Source)
at org.testng.internal.MethodInvocationHelper.invokeMethod(MethodInvocationHelper.java:133)
at org.testng.internal.MethodInvocationHelper.invokeMethodConsideringTimeout(MethodInvocationHelper.java:62)
at org.testng.internal.ConfigInvoker.invokeConfigurationMethod(ConfigInvoker.java:340)
at org.testng.internal.ConfigInvoker.invokeConfigurations(ConfigInvoker.java:294)
at org.testng.TestRunner.invokeTestConfigurations(TestRunner.java:623)
at org.testng.TestRunner.beforeRun(TestRunner.java:613)
at org.testng.TestRunner.run(TestRunner.java:584)
at org.testng.SuiteRunner.runTest(SuiteRunner.java:402)
at org.testng.SuiteRunner.runSequentially(SuiteRunner.java:396)
at org.testng.SuiteRunner.privateRun(SuiteRunner.java:355)
at org.testng.SuiteRunner.run(SuiteRunner.java:304)
at org.testng.SuiteRunnerWorker.runSuite(SuiteRunnerWorker.java:53)
at org.testng.SuiteRunnerWorker.run(SuiteRunnerWorker.java:96)
at org.testng.TestNG.runSuitesSequentially(TestNG.java:1180)
at org.testng.TestNG.runSuitesLocally(TestNG.java:1102)
at org.testng.TestNG.runSuites(TestNG.java:1032)
at org.testng.TestNG.run(TestNG.java:1000)
at org.testng.remote.AbstractRemoteTestNG.run(AbstractRemoteTestNG.java:115)
at org.testng.remote.RemoteTestNG.initAndRun(RemoteTestNG.java:251)
at org.testng.remote.RemoteTestNG.main(RemoteTestNG.java:77)
]]>
    </failure>
  </testcase> <!-- @BeforeTest getHomepage -->
  <testcase name="verifyLoggingIn" time="0.0" classname="phpTravelsTests.VerifyLogin">
    <skipped/>
  </testcase> <!-- verifyLoggingIn -->
  <testcase name="verifyAddNewTours" time="0.0" classname="phpTravelsTests.VerifyTravelsMenu">
    <skipped/>
  </testcase> <!-- verifyAddNewTours -->
  <testcase name="verifyBookings" time="0.0" classname="phpTravelsTests.VerifyTravelsMenu">
    <skipped/>
  </testcase> <!-- verifyBookings -->
  <testcase name="verifyCars" time="0.0" classname="phpTravelsTests.VerifyTravelsMenu">
    <skipped/>
  </testcase> <!-- verifyCars -->
  <testcase name="verifyCoupons" time="0.0" classname="phpTravelsTests.VerifyTravelsMenu">
    <skipped/>
  </testcase> <!-- verifyCoupons -->
  <testcase name="verifyDashboard" time="0.0" classname="phpTravelsTests.VerifyTravelsMenu">
    <skipped/>
  </testcase> <!-- verifyDashboard -->
  <testcase name="verifyModules" time="0.0" classname="phpTravelsTests.VerifyTravelsMenu">
    <skipped/>
  </testcase> <!-- verifyModules -->
  <testcase name="verifyNewsletter" time="0.0" classname="phpTravelsTests.VerifyTravelsMenu">
    <skipped/>
  </testcase> <!-- verifyNewsletter -->
  <testcase name="verifyUpdates" time="0.0" classname="phpTravelsTests.VerifyTravelsMenu">
    <skipped/>
  </testcase> <!-- verifyUpdates -->
  <testcase name="cars" time="0.0" classname="phpTravelsTests.VerifyTravelsCarsExtras">
    <skipped/>
  </testcase> <!-- cars -->
  <testcase name="findCarName" time="0.0" classname="phpTravelsTests.VerifyTravelsCarsExtras">
    <skipped/>
  </testcase> <!-- findCarName -->
  <testcase name="inputStringInPriceFieldTest" time="0.0" classname="phpTravelsTests.VerifyTravelsCarsExtras">
    <skipped/>
  </testcase> <!-- inputStringInPriceFieldTest -->
  <testcase name="uploadPhoto" time="0.0" classname="phpTravelsTests.VerifyTravelsCars">
    <skipped/>
  </testcase> <!-- uploadPhoto -->
  <testcase name="verifyNumberOfCarModels" time="0.0" classname="phpTravelsTests.VerifyTravelsCars">
    <skipped/>
  </testcase> <!-- verifyNumberOfCarModels -->
  <testcase name="verifyNumberOfOrders" time="0.0" classname="phpTravelsTests.VerifyTravelsCars">
    <skipped/>
  </testcase> <!-- verifyNumberOfOrders -->
  <testcase name="verifyCustomers" time="0.0" classname="phpTravelsTests.VerifyTravelsCustomer">
    <skipped/>
  </testcase> <!-- verifyCustomers -->
  <testcase name="@AfterTest quit" time="0.0" classname="phpTravelsUtils.BasicClass">
    <ignored/>
  </testcase> <!-- @AfterTest quit -->
  <testcase name="@AfterTest quit" time="0.0" classname="phpTravelsUtils.BasicClass">
    <ignored/>
  </testcase> <!-- @AfterTest quit -->
  <testcase name="@AfterTest quit" time="0.0" classname="phpTravelsUtils.BasicClass">
    <ignored/>
  </testcase> <!-- @AfterTest quit -->
  <testcase name="@AfterTest quit" time="0.0" classname="phpTravelsUtils.BasicClass">
    <ignored/>
  </testcase> <!-- @AfterTest quit -->
  <testcase name="@BeforeTest setup" time="0.0" classname="phpTravelsUtils.BasicClass">
    <ignored/>
  </testcase> <!-- @BeforeTest setup -->
  <testcase name="@BeforeTest setup" time="0.0" classname="phpTravelsUtils.BasicClass">
    <ignored/>
  </testcase> <!-- @BeforeTest setup -->
  <testcase name="@BeforeTest setup" time="0.0" classname="phpTravelsUtils.BasicClass">
    <ignored/>
  </testcase> <!-- @BeforeTest setup -->
  <testcase name="@BeforeTest setup" time="0.0" classname="phpTravelsUtils.BasicClass">
    <ignored/>
  </testcase> <!-- @BeforeTest setup -->
</testsuite> <!-- Test -->
