<?xml version="1.0" encoding="UTF-8"?>
<!-- Generated by org.testng.reporters.JUnitXMLReporter -->
<testsuite hostname="Draginja-PC" ignored="10" name="phpTravelsTests" tests="16" failures="0" timestamp="2019-12-14T13:03:21 CET" time="20.478" errors="0">
  <testcase name="@BeforeTest getHomepage" time="8.478" classname="phpTravelsTests.TravelsCarsTest">
    <failure type="org.openqa.selenium.NoSuchElementException" message="no such element: Unable to locate element: {&amp;quot;method&amp;quot;:&amp;quot;css selector&amp;quot;,&amp;quot;selector&amp;quot;:&amp;quot;#social-sidebar-menu &amp;gt; li:nth-child(10) &amp;gt; a&amp;quot;}
  (Session info: chrome=79.0.3945.79)
For documentation on this error, please visit: https://www.seleniumhq.org/exceptions/no_such_element.html
Build info: version: &amp;apos;3.141.59&amp;apos;, revision: &amp;apos;e82be7d358&amp;apos;, time: &amp;apos;2018-11-14T08:25:53&amp;apos;
System info: host: &amp;apos;DRAGINJA-PC&amp;apos;, ip: &amp;apos;192.168.1.9&amp;apos;, os.name: &amp;apos;Windows 7&amp;apos;, os.arch: &amp;apos;amd64&amp;apos;, os.version: &amp;apos;6.1&amp;apos;, java.version: &amp;apos;1.8.0_231&amp;apos;
Driver info: org.openqa.selenium.chrome.ChromeDriver
Capabilities {acceptInsecureCerts: false, browserName: chrome, browserVersion: 79.0.3945.79, chrome: {chromedriverVersion: 78.0.3904.70 (edb9c9f3de024..., userDataDir: C:\Users\Draginja\AppData\L...}, goog:chromeOptions: {debuggerAddress: localhost:50606}, javascriptEnabled: true, networkConnectionEnabled: false, pageLoadStrategy: normal, platform: XP, platformName: XP, proxy: Proxy(), setWindowRect: true, strictFileInteractability: false, timeouts: {implicit: 0, pageLoad: 300000, script: 30000}, unhandledPromptBehavior: dismiss and notify}
Session ID: 94fa3053486d8c45e8149108239a882a
*** Element info: {Using=css selector, value=#social-sidebar-menu &amp;gt; li:nth-child(10) &amp;gt; a}">
      <![CDATA[org.openqa.selenium.NoSuchElementException: no such element: Unable to locate element: {"method":"css selector","selector":"#social-sidebar-menu > li:nth-child(10) > a"}
  (Session info: chrome=79.0.3945.79)
For documentation on this error, please visit: https://www.seleniumhq.org/exceptions/no_such_element.html
Build info: version: '3.141.59', revision: 'e82be7d358', time: '2018-11-14T08:25:53'
System info: host: 'DRAGINJA-PC', ip: '192.168.1.9', os.name: 'Windows 7', os.arch: 'amd64', os.version: '6.1', java.version: '1.8.0_231'
Driver info: org.openqa.selenium.chrome.ChromeDriver
Capabilities {acceptInsecureCerts: false, browserName: chrome, browserVersion: 79.0.3945.79, chrome: {chromedriverVersion: 78.0.3904.70 (edb9c9f3de024..., userDataDir: C:\Users\Draginja\AppData\L...}, goog:chromeOptions: {debuggerAddress: localhost:50606}, javascriptEnabled: true, networkConnectionEnabled: false, pageLoadStrategy: normal, platform: XP, platformName: XP, proxy: Proxy(), setWindowRect: true, strictFileInteractability: false, timeouts: {implicit: 0, pageLoad: 300000, script: 30000}, unhandledPromptBehavior: dismiss and notify}
Session ID: 94fa3053486d8c45e8149108239a882a
*** Element info: {Using=css selector, value=#social-sidebar-menu > li:nth-child(10) > a}
at sun.reflect.NativeConstructorAccessorImpl.newInstance0(Native Method)
at sun.reflect.NativeConstructorAccessorImpl.newInstance(Unknown Source)
at sun.reflect.DelegatingConstructorAccessorImpl.newInstance(Unknown Source)
at java.lang.reflect.Constructor.newInstance(Unknown Source)
at org.openqa.selenium.remote.http.W3CHttpResponseCodec.createException(W3CHttpResponseCodec.java:187)
at org.openqa.selenium.remote.http.W3CHttpResponseCodec.decode(W3CHttpResponseCodec.java:122)
at org.openqa.selenium.remote.http.W3CHttpResponseCodec.decode(W3CHttpResponseCodec.java:49)
at org.openqa.selenium.remote.HttpCommandExecutor.execute(HttpCommandExecutor.java:158)
at org.openqa.selenium.remote.service.DriverCommandExecutor.execute(DriverCommandExecutor.java:83)
at org.openqa.selenium.remote.RemoteWebDriver.execute(RemoteWebDriver.java:552)
at org.openqa.selenium.remote.RemoteWebDriver.findElement(RemoteWebDriver.java:323)
at org.openqa.selenium.remote.RemoteWebDriver.findElementByCssSelector(RemoteWebDriver.java:420)
at org.openqa.selenium.By$ByCssSelector.findElement(By.java:431)
at org.openqa.selenium.remote.RemoteWebDriver.findElement(RemoteWebDriver.java:315)
at phpTravelsPages.TravelsMenu.Cars(TravelsMenu.java:85)
at phpTravelsTests.TravelsCarsTest.getHomepage(TravelsCarsTest.java:18)
at sun.reflect.NativeMethodAccessorImpl.invoke0(Native Method)
at sun.reflect.NativeMethodAccessorImpl.invoke(Unknown Source)
at sun.reflect.DelegatingMethodAccessorImpl.invoke(Unknown Source)
at java.lang.reflect.Method.invoke(Unknown Source)
at org.testng.internal.MethodInvocationHelper.invokeMethod(MethodInvocationHelper.java:133)
at org.testng.internal.MethodInvocationHelper.invokeMethodConsideringTimeout(MethodInvocationHelper.java:62)
at org.testng.internal.ConfigInvoker.invokeConfigurationMethod(ConfigInvoker.java:340)
at org.testng.internal.ConfigInvoker.invokeConfigurations(ConfigInvoker.java:294)
at org.testng.TestRunner.invokeTestConfigurations(TestRunner.java:623)
at org.testng.TestRunner.beforeRun(TestRunner.java:613)
at org.testng.TestRunner.run(TestRunner.java:584)
at org.testng.SuiteRunner.runTest(SuiteRunner.java:402)
at org.testng.SuiteRunner.runSequentially(SuiteRunner.java:396)
at org.testng.SuiteRunner.privateRun(SuiteRunner.java:355)
at org.testng.SuiteRunner.run(SuiteRunner.java:304)
at org.testng.SuiteRunnerWorker.runSuite(SuiteRunnerWorker.java:53)
at org.testng.SuiteRunnerWorker.run(SuiteRunnerWorker.java:96)
at org.testng.TestNG.runSuitesSequentially(TestNG.java:1180)
at org.testng.TestNG.runSuitesLocally(TestNG.java:1102)
at org.testng.TestNG.runSuites(TestNG.java:1032)
at org.testng.TestNG.run(TestNG.java:1000)
at org.testng.remote.AbstractRemoteTestNG.run(AbstractRemoteTestNG.java:115)
at org.testng.remote.RemoteTestNG.initAndRun(RemoteTestNG.java:251)
at org.testng.remote.RemoteTestNG.main(RemoteTestNG.java:77)
]]>
    </failure>
  </testcase> <!-- @BeforeTest getHomepage -->
  <testcase name="@AfterTest quit" time="-1.57632500165E9" classname="phpTravelsTests.BasicTest">
    <skipped/>
  </testcase> <!-- @AfterTest quit -->
  <testcase name="testCheckLogin" time="0.0" classname="phpTravelsTests.LoginTest">
    <skipped/>
  </testcase> <!-- testCheckLogin -->
  <testcase name="testCustomers" time="0.0" classname="phpTravelsTests.TravelCustomerTest">
    <skipped/>
  </testcase> <!-- testCustomers -->
  <testcase name="cars" time="0.0" classname="phpTravelsTests.TravelsCarsExtrasTest">
    <skipped/>
  </testcase> <!-- cars -->
  <testcase name="findCarName" time="0.0" classname="phpTravelsTests.TravelsCarsExtrasTest">
    <skipped/>
  </testcase> <!-- findCarName -->
  <testcase name="inputStringInPriceFieldTest" time="0.0" classname="phpTravelsTests.TravelsCarsExtrasTest">
    <skipped/>
  </testcase> <!-- inputStringInPriceFieldTest -->
  <testcase name="testNumberOfCarModels" time="0.0" classname="phpTravelsTests.TravelsCarsTest">
    <skipped/>
  </testcase> <!-- testNumberOfCarModels -->
  <testcase name="testNumberOfOrders" time="0.0" classname="phpTravelsTests.TravelsCarsTest">
    <skipped/>
  </testcase> <!-- testNumberOfOrders -->
  <testcase name="uploadPhoto" time="0.0" classname="phpTravelsTests.TravelsCarsTest">
    <skipped/>
  </testcase> <!-- uploadPhoto -->
  <testcase name="checkDashboard" time="0.0" classname="phpTravelsTests.TravelsMenuTest">
    <skipped/>
  </testcase> <!-- checkDashboard -->
  <testcase name="checkUpdates" time="0.0" classname="phpTravelsTests.TravelsMenuTest">
    <skipped/>
  </testcase> <!-- checkUpdates -->
  <testcase name="checkModules" time="0.0" classname="phpTravelsTests.TravelsMenuTest">
    <skipped/>
  </testcase> <!-- checkModules -->
  <testcase name="checkAddNewTours" time="0.0" classname="phpTravelsTests.TravelsMenuTest">
    <skipped/>
  </testcase> <!-- checkAddNewTours -->
  <testcase name="checkCars" time="0.0" classname="phpTravelsTests.TravelsMenuTest">
    <skipped/>
  </testcase> <!-- checkCars -->
  <testcase name="checkCoupons" time="0.0" classname="phpTravelsTests.TravelsMenuTest">
    <skipped/>
  </testcase> <!-- checkCoupons -->
  <testcase name="checkNewsletter" time="0.0" classname="phpTravelsTests.TravelsMenuTest">
    <skipped/>
  </testcase> <!-- checkNewsletter -->
  <testcase name="checkBookings" time="0.0" classname="phpTravelsTests.TravelsMenuTest">
    <skipped/>
  </testcase> <!-- checkBookings -->
  <testcase name="@BeforeTest setup" time="0.0" classname="phpTravelsTests.BasicTest">
    <ignored/>
  </testcase> <!-- @BeforeTest setup -->
  <testcase name="@BeforeTest setup" time="0.0" classname="phpTravelsTests.BasicTest">
    <ignored/>
  </testcase> <!-- @BeforeTest setup -->
  <testcase name="@BeforeTest setup" time="0.0" classname="phpTravelsTests.BasicTest">
    <ignored/>
  </testcase> <!-- @BeforeTest setup -->
  <testcase name="@BeforeTest setup" time="0.0" classname="phpTravelsTests.BasicTest">
    <ignored/>
  </testcase> <!-- @BeforeTest setup -->
  <testcase name="@BeforeTest setup" time="0.0" classname="phpTravelsTests.BasicTest">
    <ignored/>
  </testcase> <!-- @BeforeTest setup -->
  <testcase name="@AfterTest quit" time="0.0" classname="phpTravelsTests.BasicTest">
    <ignored/>
  </testcase> <!-- @AfterTest quit -->
  <testcase name="@AfterTest quit" time="0.0" classname="phpTravelsTests.BasicTest">
    <ignored/>
  </testcase> <!-- @AfterTest quit -->
  <testcase name="@AfterTest quit" time="0.0" classname="phpTravelsTests.BasicTest">
    <ignored/>
  </testcase> <!-- @AfterTest quit -->
  <testcase name="@AfterTest quit" time="0.0" classname="phpTravelsTests.BasicTest">
    <ignored/>
  </testcase> <!-- @AfterTest quit -->
  <testcase name="@AfterTest quit" time="0.0" classname="phpTravelsTests.BasicTest">
    <ignored/>
  </testcase> <!-- @AfterTest quit -->
</testsuite> <!-- phpTravelsTests -->
